<?xml version="1.0" encoding="UTF-8"?>
<!-- Generated by org.testng.reporters.JUnitReportReporter -->
<testsuite hostname="LAPTOP-U913EPJS" failures="0" tests="1" name="TestCases.VerifyLoginTestCase" time="5.806" errors="0" timestamp="2022-08-29T20:32:50 IST" skipped="0">
  <testcase classname="TestCases.VerifyLoginTestCase" name="login" time="5.806"/>
  <system-out/>
</testsuite> <!-- TestCases.VerifyLoginTestCase -->
