<?xml version="1.0" encoding="UTF-8"?>
<!-- Generated by org.testng.reporters.JUnitReportReporter -->
<testsuite hostname="LAPTOP-U913EPJS" failures="0" tests="1" name="TestCases.VerifySinupTestcases" time="14.265" errors="0" timestamp="2022-08-30T08:02:28 IST" skipped="0">
  <testcase classname="TestCases.VerifySinupTestcases" name="SignUp" time="14.265"/>
  <system-out/>
</testsuite> <!-- TestCases.VerifySinupTestcases -->
